<?xml version="1.0" encoding="UTF-8"?><testsuite errors="0" failures="0" name="qe.features.search.SearchByKeywordStory" skipped="1" tests="3" time="58.01" timestamp="2016-06-161 07:55:44"><testcase classname="qe.features.search.SearchByKeywordStory" name="Searching by keyword banana should display the corresponding article"/><testcase classname="qe.features.search.SearchByKeywordStory" name="Searching by ambiguious keyword should display the disambiguation page"><skipped/></testcase><testcase classname="qe.features.search.SearchByKeywordStory" name="Searching by keyword apple should display the corresponding article"/></testsuite>